# JRE version: Java(TM) SE Runtime Environment (8.0_20-b26) (build 1.8.0_20-b26)
# Java VM: Java HotSpot(TM) 64-Bit Server VM (25.20-b23 mixed mode windows-amd64 compressed oops)
Heap:
 PSYoungGen      total 175616K, used 99576K [0x00000000eab00000, 0x00000000f6e80000, 0x0000000100000000)
  eden space 158208K, 60% used [0x00000000eab00000,0x00000000f0810a78,0x00000000f4580000)
  from space 17408K, 24% used [0x00000000f5d80000,0x00000000f61ad620,0x00000000f6e80000)
  to   space 20992K, 0% used [0x00000000f4580000,0x00000000f4580000,0x00000000f5a00000)
 ParOldGen       total 93696K, used 37236K [0x00000000c0000000, 0x00000000c5b80000, 0x00000000eab00000)
  object space 93696K, 39% used [0x00000000c0000000,0x00000000c245d1f0,0x00000000c5b80000)
 Metaspace       used 54414K, capacity 55608K, committed 55808K, reserved 1097728K
  class space    used 7306K, capacity 7631K, committed 7680K, reserved 1048576K
GC Heap History (10 events):
Event: 10.331 GC heap before
{Heap before GC invocations=12 (full 2):
 PSYoungGen      total 113152K, used 10319K [0x00000000eab00000, 0x00000000f2d80000, 0x0000000100000000)
  eden space 100352K, 0% used [0x00000000eab00000,0x00000000eab00000,0x00000000f0d00000)
  from space 12800K, 80% used [0x00000000f1a00000,0x00000000f2413d20,0x00000000f2680000)
  to   space 13312K, 0% used [0x00000000f0d00000,0x00000000f0d00000,0x00000000f1a00000)
 ParOldGen       total 62976K, used 12825K [0x00000000c0000000, 0x00000000c3d80000, 0x00000000eab00000)
  object space 62976K, 20% used [0x00000000c0000000,0x00000000c0c865e8,0x00000000c3d80000)
 Metaspace       used 34635K, capacity 35206K, committed 35456K, reserved 1079296K
  class space    used 4705K, capacity 4865K, committed 4992K, reserved 1048576K
Event: 10.472 GC heap after
Heap after GC invocations=12 (full 2):
 PSYoungGen      total 113152K, used 0K [0x00000000eab00000, 0x00000000f2d80000, 0x0000000100000000)
  eden space 100352K, 0% used [0x00000000eab00000,0x00000000eab00000,0x00000000f0d00000)
  from space 12800K, 0% used [0x00000000f1a00000,0x00000000f1a00000,0x00000000f2680000)
  to   space 13312K, 0% used [0x00000000f0d00000,0x00000000f0d00000,0x00000000f1a00000)
 ParOldGen       total 93696K, used 19677K [0x00000000c0000000, 0x00000000c5b80000, 0x00000000eab00000)
  object space 93696K, 21% used [0x00000000c0000000,0x00000000c1337608,0x00000000c5b80000)
 Metaspace       used 34635K, capacity 35206K, committed 35456K, reserved 1079296K
  class space    used 4705K, capacity 4865K, committed 4992K, reserved 1048576K
}
Event: 12.251 GC heap before
{Heap before GC invocations=13 (full 2):
 PSYoungGen      total 113152K, used 100352K [0x00000000eab00000, 0x00000000f2d80000, 0x0000000100000000)
  eden space 100352K, 100% used [0x00000000eab00000,0x00000000f0d00000,0x00000000f0d00000)
  from space 12800K, 0% used [0x00000000f1a00000,0x00000000f1a00000,0x00000000f2680000)
  to   space 13312K, 0% used [0x00000000f0d00000,0x00000000f0d00000,0x00000000f1a00000)
 ParOldGen       total 93696K, used 19677K [0x00000000c0000000, 0x00000000c5b80000, 0x00000000eab00000)
  object space 93696K, 21% used [0x00000000c0000000,0x00000000c1337608,0x00000000c5b80000)
 Metaspace       used 40021K, capacity 40692K, committed 40704K, reserved 1085440K
  class space    used 5466K, capacity 5630K, committed 5632K, reserved 1048576K
Event: 12.268 GC heap after
Heap after GC invocations=13 (full 2):
 PSYoungGen      total 113664K, used 9796K [0x00000000eab00000, 0x00000000f4500000, 0x0000000100000000)
  eden space 100352K, 0% used [0x00000000eab00000,0x00000000eab00000,0x00000000f0d00000)
  from space 13312K, 73% used [0x00000000f0d00000,0x00000000f16911a0,0x00000000f1a00000)
  to   space 13824K, 0% used [0x00000000f3780000,0x00000000f3780000,0x00000000f4500000)
 ParOldGen       total 93696K, used 19685K [0x00000000c0000000, 0x00000000c5b80000, 0x00000000eab00000)
  object space 93696K, 21% used [0x00000000c0000000,0x00000000c1339608,0x00000000c5b80000)
 Metaspace       used 40021K, capacity 40692K, committed 40704K, reserved 1085440K
  class space    used 5466K, capacity 5630K, committed 5632K, reserved 1048576K
}
Event: 17.835 GC heap before
{Heap before GC invocations=14 (full 2):
 PSYoungGen      total 113664K, used 110148K [0x00000000eab00000, 0x00000000f4500000, 0x0000000100000000)
  eden space 100352K, 100% used [0x00000000eab00000,0x00000000f0d00000,0x00000000f0d00000)
  from space 13312K, 73% used [0x00000000f0d00000,0x00000000f16911a0,0x00000000f1a00000)
  to   space 13824K, 0% used [0x00000000f3780000,0x00000000f3780000,0x00000000f4500000)
 ParOldGen       total 93696K, used 19685K [0x00000000c0000000, 0x00000000c5b80000, 0x00000000eab00000)
  object space 93696K, 21% used [0x00000000c0000000,0x00000000c1339608,0x00000000c5b80000)
 Metaspace       used 43730K, capacity 44620K, committed 44928K, reserved 1087488K
  class space    used 6030K, capacity 6204K, committed 6272K, reserved 1048576K
Event: 17.881 GC heap after
Heap after GC invocations=14 (full 2):
 PSYoungGen      total 141312K, used 13820K [0x00000000eab00000, 0x00000000f4780000, 0x0000000100000000)
  eden space 127488K, 0% used [0x00000000eab00000,0x00000000eab00000,0x00000000f2780000)
  from space 13824K, 99% used [0x00000000f3780000,0x00000000f44ff368,0x00000000f4500000)
  to   space 16384K, 0% used [0x00000000f2780000,0x00000000f2780000,0x00000000f3780000)
 ParOldGen       total 93696K, used 22093K [0x00000000c0000000, 0x00000000c5b80000, 0x00000000eab00000)
  object space 93696K, 23% used [0x00000000c0000000,0x00000000c1593690,0x00000000c5b80000)
 Metaspace       used 43730K, capacity 44620K, committed 44928K, reserved 1087488K
  class space    used 6030K, capacity 6204K, committed 6272K, reserved 1048576K
}
Event: 20.080 GC heap before
{Heap before GC invocations=15 (full 2):
 PSYoungGen      total 141312K, used 141308K [0x00000000eab00000, 0x00000000f4780000, 0x0000000100000000)
  eden space 127488K, 100% used [0x00000000eab00000,0x00000000f2780000,0x00000000f2780000)
  from space 13824K, 99% used [0x00000000f3780000,0x00000000f44ff368,0x00000000f4500000)
  to   space 16384K, 0% used [0x00000000f2780000,0x00000000f2780000,0x00000000f3780000)
 ParOldGen       total 93696K, used 22093K [0x00000000c0000000, 0x00000000c5b80000, 0x00000000eab00000)
  object space 93696K, 23% used [0x00000000c0000000,0x00000000c1593690,0x00000000c5b80000)
 Metaspace       used 46822K, capacity 47884K, committed 48000K, reserved 1091584K
  class space    used 6414K, capacity 6703K, committed 6784K, reserved 1048576K
Event: 20.118 GC heap after
Heap after GC invocations=15 (full 2):
 PSYoungGen      total 143872K, used 16383K [0x00000000eab00000, 0x00000000f7200000, 0x0000000100000000)
  eden space 127488K, 0% used [0x00000000eab00000,0x00000000eab00000,0x00000000f2780000)
  from space 16384K, 99% used [0x00000000f2780000,0x00000000f377ff20,0x00000000f3780000)
  to   space 20992K, 0% used [0x00000000f5d80000,0x00000000f5d80000,0x00000000f7200000)
 ParOldGen       total 93696K, used 28510K [0x00000000c0000000, 0x00000000c5b80000, 0x00000000eab00000)
  object space 93696K, 30% used [0x00000000c0000000,0x00000000c1bd78a0,0x00000000c5b80000)
 Metaspace       used 46822K, capacity 47884K, committed 48000K, reserved 1091584K
  class space    used 6414K, capacity 6703K, committed 6784K, reserved 1048576K
}
Event: 23.290 GC heap before
{Heap before GC invocations=16 (full 2):
 PSYoungGen      total 143872K, used 143871K [0x00000000eab00000, 0x00000000f7200000, 0x0000000100000000)
  eden space 127488K, 100% used [0x00000000eab00000,0x00000000f2780000,0x00000000f2780000)
  from space 16384K, 99% used [0x00000000f2780000,0x00000000f377ff20,0x00000000f3780000)
  to   space 20992K, 0% used [0x00000000f5d80000,0x00000000f5d80000,0x00000000f7200000)
 ParOldGen       total 93696K, used 28510K [0x00000000c0000000, 0x00000000c5b80000, 0x00000000eab00000)
  object space 93696K, 30% used [0x00000000c0000000,0x00000000c1bd78a0,0x00000000c5b80000)
 Metaspace       used 51952K, capacity 53084K, committed 53248K, reserved 1095680K
  class space    used 7088K, capacity 7397K, committed 7424K, reserved 1048576K
Event: 23.311 GC heap after
Heap after GC invocations=16 (full 2):
 PSYoungGen      total 175616K, used 4277K [0x00000000eab00000, 0x00000000f6e80000, 0x0000000100000000)
  eden space 158208K, 0% used [0x00000000eab00000,0x00000000eab00000,0x00000000f4580000)
  from space 17408K, 24% used [0x00000000f5d80000,0x00000000f61ad620,0x00000000f6e80000)
  to   space 20992K, 0% used [0x00000000f4580000,0x00000000f4580000,0x00000000f5a00000)
 ParOldGen       total 93696K, used 37236K [0x00000000c0000000, 0x00000000c5b80000, 0x00000000eab00000)
  object space 93696K, 39% used [0x00000000c0000000,0x00000000c245d1f0,0x00000000c5b80000)
 Metaspace       used 51952K, capacity 53084K, committed 53248K, reserved 1095680K
  class space    used 7088K, capacity 7397K, committed 7424K, reserved 1048576K
}

